# JRE version: Java(TM) SE Runtime Environment (8.0_151-b12) (build 1.8.0_151-b12)
# Java VM: Java HotSpot(TM) 64-Bit Server VM (25.151-b12 mixed mode linux-amd64 compressed oops)
Heap:
 PSYoungGen      total 245248K, used 160673K [0x00000000eba00000, 0x00000000fb980000, 0x0000000100000000)
  eden space 228864K, 70% used [0x00000000eba00000,0x00000000f56e87d0,0x00000000f9980000)
  from space 16384K, 0% used [0x00000000fa980000,0x00000000fa980000,0x00000000fb980000)
  to   space 16384K, 0% used [0x00000000f9980000,0x00000000f9980000,0x00000000fa980000)
 ParOldGen       total 60928K, used 25442K [0x00000000c2e00000, 0x00000000c6980000, 0x00000000eba00000)
  object space 60928K, 41% used [0x00000000c2e00000,0x00000000c46d8a70,0x00000000c6980000)
 Metaspace       used 50046K, capacity 50842K, committed 51072K, reserved 1093632K
  class space    used 6241K, capacity 6434K, committed 6528K, reserved 1048576K
GC Heap History (10 events):
Event: 148,981 GC heap before
{Heap before GC invocations=16 (full 2):
 PSYoungGen      total 161792K, used 45061K [0x00000000eba00000, 0x00000000f9000000, 0x0000000100000000)
  eden space 145408K, 22% used [0x00000000eba00000,0x00000000ed9da980,0x00000000f4800000)
  from space 16384K, 75% used [0x00000000f4800000,0x00000000f5426d28,0x00000000f5800000)
  to   space 17408K, 0% used [0x00000000f7f00000,0x00000000f7f00000,0x00000000f9000000)
 ParOldGen       total 60928K, used 21408K [0x00000000c2e00000, 0x00000000c6980000, 0x00000000eba00000)
  object space 60928K, 35% used [0x00000000c2e00000,0x00000000c42e82f0,0x00000000c6980000)
 Metaspace       used 48577K, capacity 49120K, committed 49536K, reserved 1093632K
  class space    used 6138K, capacity 6258K, committed 6272K, reserved 1048576K
Event: 149,045 GC heap after
Heap after GC invocations=16 (full 2):
 PSYoungGen      total 201728K, used 9528K [0x00000000eba00000, 0x00000000f9000000, 0x0000000100000000)
  eden space 184320K, 0% used [0x00000000eba00000,0x00000000eba00000,0x00000000f6e00000)
  from space 17408K, 54% used [0x00000000f7f00000,0x00000000f884e060,0x00000000f9000000)
  to   space 17408K, 0% used [0x00000000f6e00000,0x00000000f6e00000,0x00000000f7f00000)
 ParOldGen       total 60928K, used 21416K [0x00000000c2e00000, 0x00000000c6980000, 0x00000000eba00000)
  object space 60928K, 35% used [0x00000000c2e00000,0x00000000c42ea2f0,0x00000000c6980000)
 Metaspace       used 48577K, capacity 49120K, committed 49536K, reserved 1093632K
  class space    used 6138K, capacity 6258K, committed 6272K, reserved 1048576K
}
Event: 149,045 GC heap before
{Heap before GC invocations=17 (full 3):
 PSYoungGen      total 201728K, used 9528K [0x00000000eba00000, 0x00000000f9000000, 0x0000000100000000)
  eden space 184320K, 0% used [0x00000000eba00000,0x00000000eba00000,0x00000000f6e00000)
  from space 17408K, 54% used [0x00000000f7f00000,0x00000000f884e060,0x00000000f9000000)
  to   space 17408K, 0% used [0x00000000f6e00000,0x00000000f6e00000,0x00000000f7f00000)
 ParOldGen       total 60928K, used 21416K [0x00000000c2e00000, 0x00000000c6980000, 0x00000000eba00000)
  object space 60928K, 35% used [0x00000000c2e00000,0x00000000c42ea2f0,0x00000000c6980000)
 Metaspace       used 48577K, capacity 49120K, committed 49536K, reserved 1093632K
  class space    used 6138K, capacity 6258K, committed 6272K, reserved 1048576K
Event: 149,330 GC heap after
Heap after GC invocations=17 (full 3):
 PSYoungGen      total 201728K, used 0K [0x00000000eba00000, 0x00000000f9000000, 0x0000000100000000)
  eden space 184320K, 0% used [0x00000000eba00000,0x00000000eba00000,0x00000000f6e00000)
  from space 17408K, 0% used [0x00000000f7f00000,0x00000000f7f00000,0x00000000f9000000)
  to   space 17408K, 0% used [0x00000000f6e00000,0x00000000f6e00000,0x00000000f7f00000)
 ParOldGen       total 60928K, used 25200K [0x00000000c2e00000, 0x00000000c6980000, 0x00000000eba00000)
  object space 60928K, 41% used [0x00000000c2e00000,0x00000000c469c338,0x00000000c6980000)
 Metaspace       used 48577K, capacity 49120K, committed 49536K, reserved 1093632K
  class space    used 6138K, capacity 6258K, committed 6272K, reserved 1048576K
}
Event: 151,554 GC heap before
{Heap before GC invocations=18 (full 3):
 PSYoungGen      total 201728K, used 184320K [0x00000000eba00000, 0x00000000f9000000, 0x0000000100000000)
  eden space 184320K, 100% used [0x00000000eba00000,0x00000000f6e00000,0x00000000f6e00000)
  from space 17408K, 0% used [0x00000000f7f00000,0x00000000f7f00000,0x00000000f9000000)
  to   space 17408K, 0% used [0x00000000f6e00000,0x00000000f6e00000,0x00000000f7f00000)
 ParOldGen       total 60928K, used 25200K [0x00000000c2e00000, 0x00000000c6980000, 0x00000000eba00000)
  object space 60928K, 41% used [0x00000000c2e00000,0x00000000c469c338,0x00000000c6980000)
 Metaspace       used 49346K, capacity 50038K, committed 50432K, reserved 1093632K
  class space    used 6187K, capacity 6351K, committed 6400K, reserved 1048576K
Event: 151,572 GC heap after
Heap after GC invocations=18 (full 3):
 PSYoungGen      total 201728K, used 5836K [0x00000000eba00000, 0x00000000fb980000, 0x0000000100000000)
  eden space 184320K, 0% used [0x00000000eba00000,0x00000000eba00000,0x00000000f6e00000)
  from space 17408K, 33% used [0x00000000f6e00000,0x00000000f73b3328,0x00000000f7f00000)
  to   space 16384K, 0% used [0x00000000fa980000,0x00000000fa980000,0x00000000fb980000)
 ParOldGen       total 60928K, used 25208K [0x00000000c2e00000, 0x00000000c6980000, 0x00000000eba00000)
  object space 60928K, 41% used [0x00000000c2e00000,0x00000000c469e338,0x00000000c6980000)
 Metaspace       used 49346K, capacity 50038K, committed 50432K, reserved 1093632K
  class space    used 6187K, capacity 6351K, committed 6400K, reserved 1048576K
}
Event: 267,558 GC heap before
{Heap before GC invocations=19 (full 3):
 PSYoungGen      total 201728K, used 57005K [0x00000000eba00000, 0x00000000fb980000, 0x0000000100000000)
  eden space 184320K, 27% used [0x00000000eba00000,0x00000000eebf80e8,0x00000000f6e00000)
  from space 17408K, 33% used [0x00000000f6e00000,0x00000000f73b3328,0x00000000f7f00000)
  to   space 16384K, 0% used [0x00000000fa980000,0x00000000fa980000,0x00000000fb980000)
 ParOldGen       total 60928K, used 25208K [0x00000000c2e00000, 0x00000000c6980000, 0x00000000eba00000)
  object space 60928K, 41% used [0x00000000c2e00000,0x00000000c469e338,0x00000000c6980000)
 Metaspace       used 49437K, capacity 50172K, committed 50432K, reserved 1093632K
  class space    used 6188K, capacity 6353K, committed 6400K, reserved 1048576K
Event: 267,569 GC heap after
Heap after GC invocations=19 (full 3):
 PSYoungGen      total 245248K, used 2304K [0x00000000eba00000, 0x00000000fb980000, 0x0000000100000000)
  eden space 228864K, 0% used [0x00000000eba00000,0x00000000eba00000,0x00000000f9980000)
  from space 16384K, 14% used [0x00000000fa980000,0x00000000fabc0010,0x00000000fb980000)
  to   space 16384K, 0% used [0x00000000f9980000,0x00000000f9980000,0x00000000fa980000)
 ParOldGen       total 60928K, used 25208K [0x00000000c2e00000, 0x00000000c6980000, 0x00000000eba00000)
  object space 60928K, 41% used [0x00000000c2e00000,0x00000000c469e338,0x00000000c6980000)
 Metaspace       used 49437K, capacity 50172K, committed 50432K, reserved 1093632K
  class space    used 6188K, capacity 6353K, committed 6400K, reserved 1048576K
}
Event: 267,569 GC heap before
{Heap before GC invocations=20 (full 4):
 PSYoungGen      total 245248K, used 2304K [0x00000000eba00000, 0x00000000fb980000, 0x0000000100000000)
  eden space 228864K, 0% used [0x00000000eba00000,0x00000000eba00000,0x00000000f9980000)
  from space 16384K, 14% used [0x00000000fa980000,0x00000000fabc0010,0x00000000fb980000)
  to   space 16384K, 0% used [0x00000000f9980000,0x00000000f9980000,0x00000000fa980000)
 ParOldGen       total 60928K, used 25208K [0x00000000c2e00000, 0x00000000c6980000, 0x00000000eba00000)
  object space 60928K, 41% used [0x00000000c2e00000,0x00000000c469e338,0x00000000c6980000)
 Metaspace       used 49437K, capacity 50172K, committed 50432K, reserved 1093632K
  class space    used 6188K, capacity 6353K, committed 6400K, reserved 1048576K
Event: 267,995 GC heap after
Heap after GC invocations=20 (full 4):
 PSYoungGen      total 245248K, used 0K [0x00000000eba00000, 0x00000000fb980000, 0x0000000100000000)
  eden space 228864K, 0% used [0x00000000eba00000,0x00000000eba00000,0x00000000f9980000)
  from space 16384K, 0% used [0x00000000fa980000,0x00000000fa980000,0x00000000fb980000)
  to   space 16384K, 0% used [0x00000000f9980000,0x00000000f9980000,0x00000000fa980000)
 ParOldGen       total 60928K, used 25442K [0x00000000c2e00000, 0x00000000c6980000, 0x00000000eba00000)
  object space 60928K, 41% used [0x00000000c2e00000,0x00000000c46d8a70,0x00000000c6980000)
 Metaspace       used 49434K, capacity 50166K, committed 50432K, reserved 1093632K
  class space    used 6187K, capacity 6351K, committed 6400K, reserved 1048576K
}

